\BOOKMARK [0][-]{chapter.1}{\376\377\000W\000s\000t\001\031\000p}{}% 1
\BOOKMARK [1][-]{section.1.1}{\376\377\000W\000p\000r\000o\000w\000a\000d\000z\000e\000n\000i\000e}{chapter.1}% 2
\BOOKMARK [1][-]{section.1.2}{\376\377\000C\000e\000l\000\040\000p\000r\000a\000c\000y}{chapter.1}% 3
\BOOKMARK [1][-]{section.1.3}{\376\377\000P\000l\000a\000n\000\040\000p\000r\000a\000c\000y}{chapter.1}% 4
\BOOKMARK [0][-]{chapter.2}{\376\377\000P\000r\000z\000e\000t\000w\000a\000r\000z\000a\000n\000i\000e\000\040\000d\000a\000n\000y\000c\000h\000\040\000s\000t\000r\000u\000m\000i\000e\000n\000i\000o\000w\000y\000c\000h}{}% 5
\BOOKMARK [1][-]{section.2.1}{\376\377\000C\000h\000a\000r\000a\000k\000t\000e\000r\000y\000s\000t\000y\000k\000a\000\040\000d\000a\000n\000y\000c\000h\000\040\000s\000t\000r\000u\000m\000i\000e\000n\000i\000o\000w\000y\000c\000h}{chapter.2}% 6
\BOOKMARK [1][-]{section.2.2}{\376\377\000M\000o\000d\000e\000l\000e\000\040\000p\000r\000z\000e\000t\000w\000a\000r\000z\000a\000n\000i\000a\000\040\000d\000a\000n\000y\000c\000h}{chapter.2}% 7
\BOOKMARK [2][-]{subsection.2.2.1}{\376\377\000P\000r\000z\000e\000t\000w\000a\000r\000z\000a\000n\000i\000e\000\040\000w\000s\000a\000d\000o\000w\000e}{section.2.2}% 8
\BOOKMARK [2][-]{subsection.2.2.2}{\376\377\000P\000r\000z\000e\000t\000w\000a\000r\000z\000a\000n\000i\000e\000\040\000s\000t\000r\000u\000m\000i\000e\000n\000i\000o\000w\000e}{section.2.2}% 9
\BOOKMARK [2][-]{subsection.2.2.3}{\376\377\000A\000r\000c\000h\000i\000t\000e\000k\000t\000u\000r\000a\000\040\000L\000a\000m\000b\000d\000a\000\040\000i\000\040\000K\000a\000p\000p\000a}{section.2.2}% 10
\BOOKMARK [1][-]{section.2.3}{\376\377\000S\000e\000m\000a\000n\000t\000y\000k\000a\000\040\000d\000o\000s\000t\000a\000r\000c\000z\000a\000n\000i\000a\000\040\000k\000o\000m\000u\000n\000i\000k\000a\000t\000\363\000w}{chapter.2}% 11
\BOOKMARK [2][-]{subsection.2.3.1}{\376\377\000A\000t\000-\000m\000o\000s\000t\000-\000o\000n\000c\000e\000\040\000\050\000c\000o\000\040\000n\000a\000j\000w\000y\001\174\000e\000j\000\040\000r\000a\000z\000\051}{section.2.3}% 12
\BOOKMARK [2][-]{subsection.2.3.2}{\376\377\000A\000t\000-\000l\000e\000a\000s\000t\000-\000o\000n\000c\000e\000\040\000\050\000c\000o\000\040\000n\000a\000j\000m\000n\000i\000e\000j\000\040\000r\000a\000z\000\051}{section.2.3}% 13
\BOOKMARK [2][-]{subsection.2.3.3}{\376\377\000E\000x\000a\000c\000t\000l\000y\000-\000o\000n\000c\000e\000\040\000\050\000d\000o\000k\001\102\000a\000d\000n\000i\000e\000\040\000r\000a\000z\000\051}{section.2.3}% 14
\BOOKMARK [1][-]{section.2.4}{\376\377\000O\000k\000n\000a\000\040\000c\000z\000a\000s\000o\000w\000e\000\040\000w\000\040\000p\000r\000z\000e\000t\000w\000a\000r\000z\000a\000n\000i\000u\000\040\000s\000t\000r\000u\000m\000i\000e\000n\000i\000o\000w\000y\000m}{chapter.2}% 15
\BOOKMARK [2][-]{subsection.2.4.1}{\376\377\000O\000k\000n\000a\000\040\000s\000t\000a\001\102\000e\000\040\000\050\000f\000i\000x\000e\000d\000\040\000w\000i\000n\000d\000o\000w\000s\000\051}{section.2.4}% 16
\BOOKMARK [2][-]{subsection.2.4.2}{\376\377\000O\000k\000n\000a\000\040\000p\000r\000z\000e\000s\000u\000w\000n\000e\000\040\000\050\000s\000l\000i\000d\000i\000n\000g\000\040\000w\000i\000n\000d\000o\000w\000s\000\051}{section.2.4}% 17
\BOOKMARK [2][-]{subsection.2.4.3}{\376\377\000O\000k\000n\000a\000\040\000s\000e\000s\000y\000j\000n\000e\000\040\000\050\000s\000e\000s\000s\000i\000o\000n\000\040\000w\000i\000n\000d\000o\000w\000s\000\051}{section.2.4}% 18
\BOOKMARK [1][-]{section.2.5}{\376\377\000P\000r\000o\000b\000l\000e\000m\000y\000\040\000i\000\040\000w\000y\000z\000w\000a\000n\000i\000a}{chapter.2}% 19
\BOOKMARK [2][-]{subsection.2.5.1}{\376\377\000Z\000a\000r\000z\001\005\000d\000z\000a\000n\000i\000e\000\040\000c\000z\000a\000s\000e\000m\000\040\000z\000d\000a\000r\000z\000e\001\104}{section.2.5}% 20
\BOOKMARK [2][-]{subsection.2.5.2}{\376\377\000Z\000a\000r\000z\001\005\000d\000z\000a\000n\000i\000e\000\040\000s\000t\000a\000n\000e\000m}{section.2.5}% 21
\BOOKMARK [2][-]{subsection.2.5.3}{\376\377\000B\000a\000c\000k\000p\000r\000e\000s\000s\000u\000r\000e\000\040\000i\000\040\000k\000o\000n\000t\000r\000o\000l\000a\000\040\000p\000r\000z\000e\000p\001\102\000y\000w\000u}{section.2.5}% 22
\BOOKMARK [2][-]{subsection.2.5.4}{\376\377\000S\000k\000a\000l\000o\000w\000a\000l\000n\000o\001\133\001\007\000\040\000i\000\040\000p\000a\000r\000t\000y\000c\000j\000o\000n\000o\000w\000a\000n\000i\000e}{section.2.5}% 23
\BOOKMARK [1][-]{section.2.6}{\376\377\000A\000r\000c\000h\000i\000t\000e\000k\000t\000u\000r\000a\000\040\000s\000t\000e\000r\000o\000w\000a\000n\000a\000\040\000z\000d\000a\000r\000z\000e\000n\000i\000a\000m\000i}{chapter.2}% 24
\BOOKMARK [1][-]{section.2.7}{\376\377\000P\000o\000d\000s\000u\000m\000o\000w\000a\000n\000i\000e}{chapter.2}% 25
\BOOKMARK [0][-]{chapter.3}{\376\377\000A\000n\000a\000l\000i\000z\000a\000\040\000w\000y\000m\000a\000g\000a\001\104}{}% 26
\BOOKMARK [1][-]{section.3.1}{\376\377\000Z\000a\001\102\000o\001\174\000e\000n\000i\000a\000\040\000p\000r\000o\000j\000e\000k\000t\000u}{chapter.3}% 27
\BOOKMARK [1][-]{section.3.2}{\376\377\000W\000y\000m\000a\000g\000a\000n\000i\000a\000\040\000f\000u\000n\000k\000c\000j\000o\000n\000a\000l\000n\000e}{chapter.3}% 28
\BOOKMARK [2][-]{subsection.3.2.1}{\376\377\000P\000o\000b\000i\000e\000r\000a\000n\000i\000e\000\040\000d\000a\000n\000y\000c\000h}{section.3.2}% 29
\BOOKMARK [2][-]{subsection.3.2.2}{\376\377\000P\000r\000z\000e\000c\000h\000o\000w\000y\000w\000a\000n\000i\000e\000\040\000d\000a\000n\000y\000c\000h}{section.3.2}% 30
\BOOKMARK [2][-]{subsection.3.2.3}{\376\377\000P\000r\000z\000e\000t\000w\000a\000r\000z\000a\000n\000i\000e\000\040\000d\000a\000n\000y\000c\000h}{section.3.2}% 31
\BOOKMARK [2][-]{subsection.3.2.4}{\376\377\000U\000d\000o\000s\000t\001\031\000p\000n\000i\000a\000n\000i\000e\000\040\000d\000a\000n\000y\000c\000h\000\040\000i\000\040\000p\000o\000w\000i\000a\000d\000a\000m\000i\000a\000n\000i\000e}{section.3.2}% 32
\BOOKMARK [1][-]{section.3.3}{\376\377\000W\000y\000m\000a\000g\000a\000n\000i\000a\000\040\000n\000i\000e\000f\000u\000n\000k\000c\000j\000o\000n\000a\000l\000n\000e}{chapter.3}% 33
\BOOKMARK [2][-]{subsection.3.3.1}{\376\377\000W\000y\000d\000a\000j\000n\000o\001\133\001\007\000\040\000i\000\040\000s\000k\000a\000l\000o\000w\000a\000l\000n\000o\001\133\001\007}{section.3.3}% 34
\BOOKMARK [2][-]{subsection.3.3.2}{\376\377\000N\000i\000e\000z\000a\000w\000o\000d\000n\000o\001\133\001\007\000\040\000i\000\040\000o\000d\000p\000o\000r\000n\000o\001\133\001\007\000\040\000n\000a\000\040\000a\000w\000a\000r\000i\000e}{section.3.3}% 35
\BOOKMARK [1][-]{section.3.4}{\376\377\000I\000s\000t\000n\000i\000e\000j\001\005\000c\000e\000\040\000r\000o\000z\000w\000i\001\005\000z\000a\000n\000i\000a}{chapter.3}% 36
\BOOKMARK [2][-]{subsection.3.4.1}{\376\377\000B\000i\000n\000a\000n\000c\000e\000-\000D\000a\000t\000a\000-\000C\000o\000l\000l\000e\000c\000t\000o\000r\000-\000a\000n\000d\000-\000V\000i\000s\000u\000a\000l\000i\000z\000a\000t\000i\000o\000n}{section.3.4}% 37
\BOOKMARK [2][-]{subsection.3.4.2}{\376\377\000b\000i\000n\000a\000n\000c\000e\000\137\000t\000i\000c\000k\000e\000r\000\137\000r\000u\000s\000t}{section.3.4}% 38
\BOOKMARK [2][-]{subsection.3.4.3}{\376\377\000B\000i\000n\000a\000n\000c\000e\000\040\000D\000a\000t\000a\000t\000o\000o\000l\000\040\000\050\000B\000H\000D\000S\000\051}{section.3.4}% 39
\BOOKMARK [2][-]{subsection.3.4.4}{\376\377\000b\000i\000n\000a\000n\000c\000e\000-\000w\000e\000b\000s\000o\000c\000k\000e\000t}{section.3.4}% 40
\BOOKMARK [2][-]{subsection.3.4.5}{\376\377\000W\000n\000i\000o\000s\000k\000i\000\040\000z\000\040\000a\000n\000a\000l\000i\000z\000y\000\040\000p\000o\000r\000\363\000w\000n\000a\000w\000c\000z\000e\000j}{section.3.4}% 41
\BOOKMARK [0][-]{chapter.4}{\376\377\000P\000r\000o\000j\000e\000k\000t\000\040\000s\000y\000s\000t\000e\000m\000u}{}% 42
\BOOKMARK [1][-]{section.4.1}{\376\377\000S\000e\000r\000w\000e\000r\000\040\000s\000t\000r\000u\000m\000i\000e\000n\000i\000o\000w\000y\000\040\000\050\000D\000a\000t\000a\000\040\000F\000e\000t\000c\000h\000e\000r\000\051}{chapter.4}% 43
\BOOKMARK [1][-]{section.4.2}{\376\377\000B\000r\000o\000k\000e\000r\000\040\000w\000i\000a\000d\000o\000m\000o\001\133\000c\000i\000\040\000\050\000N\000A\000T\000S\000\040\000J\000e\000t\000S\000t\000r\000e\000a\000m\000\051}{chapter.4}% 44
\BOOKMARK [1][-]{section.4.3}{\376\377\000W\000a\000r\000s\000t\000w\000a\000\040\000g\000o\000r\001\005\000c\000a\000\040\000\050\000M\000o\000n\000g\000o\000D\000B\000\051}{chapter.4}% 45
\BOOKMARK [1][-]{section.4.4}{\376\377\000M\000o\000d\000u\001\102\000y\000\040\000E\000T\000L\000\040\000\050\000E\000x\000t\000r\000a\000c\000t\000,\000\040\000T\000r\000a\000n\000s\000f\000o\000r\000m\000,\000\040\000L\000o\000a\000d\000\051}{chapter.4}% 46
\BOOKMARK [1][-]{section.4.5}{\376\377\000W\000a\000r\000s\000t\000w\000a\000\040\000z\000i\000m\000n\000a\000\040\000\050\000M\000i\000n\000I\000O\000\040\000O\000b\000j\000e\000c\000t\000\040\000S\000t\000o\000r\000a\000g\000e\000\051}{chapter.4}% 47
\BOOKMARK [1][-]{section.4.6}{\376\377\000I\000n\000t\000e\000r\000f\000e\000j\000s\000\040\000G\000r\000a\000p\000h\000Q\000L}{chapter.4}% 48
\BOOKMARK [1][-]{section.4.7}{\376\377\000S\000e\000r\000w\000i\000s\000\040\000a\000l\000e\000r\000t\000\363\000w\000\040\000\050\000T\000e\000l\000e\000g\000r\000a\000m\000\040\000B\000o\000t\000\051}{chapter.4}% 49
\BOOKMARK [1][-]{section.4.8}{\376\377\000A\000n\000a\000l\000i\000t\000y\000k\000a\000\040\000s\000t\000r\000u\000m\000i\000e\000n\000i\000o\000w\000a\000\040\000i\000\040\000h\000i\000s\000t\000o\000r\000y\000c\000z\000n\000a}{chapter.4}% 50
\BOOKMARK [0][-]{chapter.5}{\376\377\000I\000m\000p\000l\000e\000m\000e\000n\000t\000a\000c\000j\000a}{}% 51
\BOOKMARK [1][-]{section.5.1}{\376\377\000W\000y\000k\000o\000r\000z\000y\000s\000t\000a\000n\000e\000\040\000t\000e\000c\000h\000n\000o\000l\000o\000g\000i\000e}{chapter.5}% 52
\BOOKMARK [2][-]{subsection.5.1.1}{\376\377\000J\001\031\000z\000y\000k\000\040\000p\000r\000o\000g\000r\000a\000m\000o\000w\000a\000n\000i\000a\000\040\000G\000o}{section.5.1}% 53
\BOOKMARK [2][-]{subsection.5.1.2}{\376\377\000D\000o\000c\000k\000e\000r\000\040\000i\000\040\000D\000o\000c\000k\000e\000r\000\040\000C\000o\000m\000p\000o\000s\000e}{section.5.1}% 54
\BOOKMARK [2][-]{subsection.5.1.3}{\376\377\000N\000A\000T\000S\000\040\000J\000e\000t\000S\000t\000r\000e\000a\000m}{section.5.1}% 55
\BOOKMARK [2][-]{subsection.5.1.4}{\376\377\000M\000o\000n\000g\000o\000D\000B}{section.5.1}% 56
\BOOKMARK [2][-]{subsection.5.1.5}{\376\377\000M\000i\000n\000I\000O}{section.5.1}% 57
\BOOKMARK [2][-]{subsection.5.1.6}{\376\377\000G\000r\000a\000p\000h\000Q\000L\000\040\000i\000\040\000g\000q\000l\000g\000e\000n}{section.5.1}% 58
\BOOKMARK [2][-]{subsection.5.1.7}{\376\377\000M\000o\000d\000e\000l\000e\000\040\000d\000a\000n\000y\000c\000h\000\040\000w\000\040\000j\001\031\000z\000y\000k\000u\000\040\000G\000o}{section.5.1}% 59
\BOOKMARK [2][-]{subsection.5.1.8}{\376\377\000F\000o\000r\000m\000a\000t\000\040\000P\000a\000r\000q\000u\000e\000t}{section.5.1}% 60
\BOOKMARK [2][-]{subsection.5.1.9}{\376\377\000V\000i\000p\000e\000r}{section.5.1}% 61
\BOOKMARK [2][-]{subsection.5.1.10}{\376\377\000J\000u\000p\000y\000t\000e\000r\000\040\000N\000o\000t\000e\000b\000o\000o\000k\000\040\000i\000\040\000P\000y\000t\000h\000o\000n}{section.5.1}% 62
\BOOKMARK [1][-]{section.5.2}{\376\377\000P\000r\000o\000b\000l\000e\000m\000y\000\040\000i\000\040\000w\000y\000z\000w\000a\000n\000i\000a}{chapter.5}% 63
\BOOKMARK [2][-]{subsection.5.2.1}{\376\377\000Z\001\102\000o\001\174\000o\000n\000o\001\133\001\007\000\040\000a\000r\000c\000h\000i\000t\000e\000k\000t\000u\000r\000y\000\040\000m\000i\000k\000r\000o\000u\000s\001\102\000u\000g\000o\000w\000e\000j}{section.5.2}% 64
\BOOKMARK [2][-]{subsection.5.2.2}{\376\377\000D\000e\000b\000u\000g\000o\000w\000a\000n\000i\000e\000\040\000i\000\040\001\133\000l\000e\000d\000z\000e\000n\000i\000e\000\040\000r\000o\000z\000p\000r\000o\000s\000z\000o\000n\000e}{section.5.2}% 65
\BOOKMARK [2][-]{subsection.5.2.3}{\376\377\000P\000r\000z\000e\000t\000w\000a\000r\000z\000a\000n\000i\000e\000\040\000s\000t\000e\000r\000o\000w\000a\000n\000e\000\040\000z\000d\000a\000r\000z\000e\000n\000i\000a\000m\000i}{section.5.2}% 66
\BOOKMARK [2][-]{subsection.5.2.4}{\376\377\000Z\000a\000r\000z\001\005\000d\000z\000a\000n\000i\000e\000\040\000w\000i\000e\000l\000o\000m\000a\000\040\000k\000o\000n\000t\000e\000n\000e\000r\000a\000m\000i}{section.5.2}% 67
\BOOKMARK [2][-]{subsection.5.2.5}{\376\377\000J\000e\000d\000n\000o\000c\000z\000e\000s\000n\000y\000\040\000d\000o\000s\000t\001\031\000p\000\040\000d\000o\000\040\000d\000a\000n\000y\000c\000h\000\040\000h\000i\000s\000t\000o\000r\000y\000c\000z\000n\000y\000c\000h\000\040\000i\000\040\000b\000i\000e\001\174\001\005\000c\000y\000c\000h}{section.5.2}% 68
\BOOKMARK [2][-]{subsection.5.2.6}{\376\377\000P\000r\000o\000j\000e\000k\000t\000o\000w\000a\000n\000i\000e\000\040\000e\000l\000a\000s\000t\000y\000c\000z\000n\000e\000g\000o\000\040\000A\000P\000I}{section.5.2}% 69
\BOOKMARK [2][-]{subsection.5.2.7}{\376\377\000O\000p\000t\000y\000m\000a\000l\000i\000z\000a\000c\000j\000a\000\040\000p\000r\000o\000c\000e\000s\000u\000\040\000a\000r\000c\000h\000i\000w\000i\000z\000a\000c\000j\000i}{section.5.2}% 70
\BOOKMARK [1][-]{section.5.3}{\376\377\000M\000o\001\174\000l\000i\000w\000o\001\133\000c\000i\000\040\000d\000a\000l\000s\000z\000e\000g\000o\000\040\000r\000o\000z\000w\000o\000j\000u}{chapter.5}% 71
\BOOKMARK [2][-]{subsection.5.3.1}{\376\377\000C\000e\000n\000t\000r\000a\000l\000i\000z\000a\000c\000j\000a\000\040\000l\000o\000g\000\363\000w}{section.5.3}% 72
\BOOKMARK [2][-]{subsection.5.3.2}{\376\377\000M\000e\000t\000r\000y\000k\000i\000\040\000i\000\040\000d\000a\000s\000h\000b\000o\000a\000r\000d\000y\000\040\000\050\000P\000r\000o\000m\000e\000t\000h\000e\000u\000s\000/\000G\000r\000a\000f\000a\000n\000a\000\051}{section.5.3}% 73
\BOOKMARK [2][-]{subsection.5.3.3}{\376\377\001\132\000l\000e\000d\000z\000e\000n\000i\000e\000\040\000r\000o\000z\000p\000r\000o\000s\000z\000o\000n\000e\000\040\000\050\000d\000i\000s\000t\000r\000i\000b\000u\000t\000e\000d\000\040\000t\000r\000a\000c\000i\000n\000g\000\051}{section.5.3}% 74
\BOOKMARK [2][-]{subsection.5.3.4}{\376\377\000A\000l\000e\000r\000t\000y\000\040\000o\000p\000e\000r\000a\000c\000y\000j\000n\000e\000\040\000i\000\040\000p\000o\000w\000i\000a\000d\000o\000m\000i\000e\000n\000i\000a\000\040\000o\000\040\000s\000t\000a\000n\000i\000e\000\040\000s\000y\000s\000t\000e\000m\000u}{section.5.3}% 75
\BOOKMARK [2][-]{subsection.5.3.5}{\376\377\000R\000o\000z\000s\000z\000e\000r\000z\000e\000n\000i\000e\000\040\000A\000P\000I\000:\000\040\000d\000o\000s\000t\001\031\000p\000\040\000d\000o\000\040\000d\000a\000n\000y\000c\000h\000\040\000z\000\040\000M\000i\000n\000I\000O\000\040\000o\000r\000a\000z\000\040\000f\000e\000d\000e\000r\000a\000c\000j\000a\000\040\000G\000r\000a\000p\000h\000Q\000L}{section.5.3}% 76
\BOOKMARK [2][-]{subsection.5.3.6}{\376\377\000B\000a\000r\000d\000z\000i\000e\000j\000\040\000z\000a\000a\000w\000a\000n\000s\000o\000w\000a\000n\000y\000\040\000m\000o\000d\000u\001\102\000\040\000a\000n\000a\000l\000i\000t\000y\000c\000z\000n\000y}{section.5.3}% 77
\BOOKMARK [2][-]{subsection.5.3.7}{\376\377\000M\000o\000d\000e\000l\000e\000\040\000p\000r\000e\000d\000y\000k\000c\000y\000j\000n\000e\000\040\000i\000\040\000p\000i\000p\000e\000l\000i\000n\000e\000\040\000u\000c\000z\000e\000n\000i\000a\000\040\000m\000a\000s\000z\000y\000n\000o\000w\000e\000g\000o}{section.5.3}% 78
\BOOKMARK [2][-]{subsection.5.3.8}{\376\377\000D\000a\000l\000s\000z\000a\000\040\000o\000p\000t\000y\000m\000a\000l\000i\000z\000a\000c\000j\000a\000\040\000i\000\040\000s\000k\000a\000l\000o\000w\000a\000n\000i\000e\000\040\000d\000o\000\040\000w\000s\000z\000y\000s\000t\000k\000i\000c\000h\000\040\000s\000y\000m\000b\000o\000l\000i}{section.5.3}% 79
\BOOKMARK [0][-]{chapter.6}{\376\377\000W\000e\000r\000y\000f\000i\000k\000a\000c\000j\000a\000\040\000r\000o\000z\000w\000i\001\005\000z\000a\000n\000i\000a}{}% 80
\BOOKMARK [1][-]{section.6.1}{\376\377\000T\000e\000s\000t\000\040\000T\0001\000:\000\040\000O\000d\000b\000i\000\363\000r\000\040\000d\000a\000n\000y\000c\000h\000\040\000z\000\040\000B\000i\000n\000a\000n\000c\000e\000\040\000W\000e\000b\000S\000o\000c\000k\000e\000t}{chapter.6}% 81
\BOOKMARK [1][-]{section.6.2}{\376\377\000T\000e\000s\000t\000\040\000T\0002\000:\000\040\000P\000u\000b\000l\000i\000k\000o\000w\000a\000n\000i\000e\000\040\000z\000d\000a\000r\000z\000e\001\104\000\040\000d\000o\000\040\000N\000A\000T\000S\000\040\000J\000e\000t\000S\000t\000r\000e\000a\000m}{chapter.6}% 82
\BOOKMARK [1][-]{section.6.3}{\376\377\000T\000e\000s\000t\000\040\000T\0003\000:\000\040\000S\000u\000b\000s\000k\000r\000y\000b\000o\000w\000a\000n\000i\000e\000\040\000z\000d\000a\000r\000z\000e\001\104\000\040\000p\000r\000z\000e\000z\000\040\000m\000o\000d\000u\001\102\000\040\000M\000o\000n\000g\000o\000D\000B}{chapter.6}% 83
\BOOKMARK [1][-]{section.6.4}{\376\377\000T\000e\000s\000t\000\040\000T\0004\000:\000\040\000S\000u\000b\000s\000k\000r\000y\000b\000o\000w\000a\000n\000i\000e\000\040\000z\000d\000a\000r\000z\000e\001\104\000\040\000p\000r\000z\000e\000z\000\040\000m\000o\000d\000u\001\102\000\040\000T\000e\000l\000e\000g\000r\000a\000m\000\040\000B\000o\000t}{chapter.6}% 84
\BOOKMARK [1][-]{section.6.5}{\376\377\000T\000e\000s\000t\000\040\000T\0005\000:\000\040\000W\000y\000s\000y\001\102\000a\000n\000i\000e\000\040\000p\000o\000w\000i\000a\000d\000o\000m\000i\000e\000n\000i\000a\000\040\000T\000e\000l\000e\000g\000r\000a\000m\000\040\040\023\000\040\000f\000i\000l\000t\000r\000\040\000s\000p\000e\001\102\000n\000i\000o\000n\000y}{chapter.6}% 85
\BOOKMARK [1][-]{section.6.6}{\376\377\000T\000e\000s\000t\000\040\000T\0006\000:\000\040\000B\000r\000a\000k\000\040\000p\000o\000w\000i\000a\000d\000o\000m\000i\000e\000n\000i\000a\000\040\000T\000e\000l\000e\000g\000r\000a\000m\000\040\040\023\000\040\000f\000i\000l\000t\000r\000\040\000n\000i\000e\000s\000p\000e\001\102\000n\000i\000o\000n\000y}{chapter.6}% 86
\BOOKMARK [1][-]{section.6.7}{\376\377\000T\000e\000s\000t\000\040\000T\0007\000:\000\040\000Z\000a\000p\000y\000t\000a\000n\000i\000e\000\040\000G\000r\000a\000p\000h\000Q\000L\000\040\000z\000\040\000f\000i\000l\000t\000r\000a\000m\000i\000\040\000z\000w\000r\000a\000c\000a\000j\001\005\000c\000y\000m\000i\000\040\000w\000y\000n\000i\000k\000i}{chapter.6}% 87
\BOOKMARK [1][-]{section.6.8}{\376\377\000T\000e\000s\000t\000\040\000T\0008\000:\000\040\000Z\000a\000p\000y\000t\000a\000n\000i\000e\000\040\000G\000r\000a\000p\000h\000Q\000L\000\040\000z\000\040\000f\000i\000l\000t\000r\000a\000m\000i\000\040\000n\000i\000e\000z\000w\000r\000a\000c\000a\000j\001\005\000c\000y\000m\000i\000\040\000w\000y\000n\000i\000k\000\363\000w}{chapter.6}% 88
\BOOKMARK [1][-]{section.6.9}{\376\377\000T\000e\000s\000t\000\040\000T\0009\000:\000\040\000P\000r\000o\000c\000e\000s\000\040\000E\000T\000L\000\040\000i\000\040\000m\000e\000c\000h\000a\000n\000i\000z\000m\000\040\000t\000i\000e\000r\000e\000d\000\040\000s\000t\000o\000r\000a\000g\000e}{chapter.6}% 89
\BOOKMARK [0][-]{chapter.7}{\376\377\000P\000o\000d\000s\000u\000m\000o\000w\000a\000n\000i\000e}{}% 90
\BOOKMARK [0][-]{section*.18}{\376\377\000B\000i\000b\000l\000i\000o\000g\000r\000a\000f\000i\000a}{}% 91
\BOOKMARK [0][-]{section*.20}{\376\377\000Z\000a\001\102\001\005\000c\000z\000n\000i\000k\000i}{}% 92
